
2023-11-03 09:05:33,954 - INFO - Game started.
2023-11-03 09:05:33,955 - INFO - Player X's turn
2023-11-03 09:05:43,483 - INFO - Player X placed X at (1, 1).
2023-11-03 09:05:43,484 - INFO - Player O's turn
2023-11-03 09:05:46,842 - INFO - Player O placed O at (1, 2).
2023-11-03 09:05:46,842 - INFO - Player X's turn
2023-11-03 09:05:49,295 - INFO - Player X placed X at (1, 3).
2023-11-03 09:05:49,296 - INFO - Player O's turn
2023-11-03 09:05:53,366 - INFO - Player O placed O at (2, 1).
2023-11-03 09:05:53,367 - INFO - Player X's turn
2023-11-03 09:05:57,463 - INFO - Player X placed X at (2, 2).
2023-11-03 09:05:57,463 - INFO - Player O's turn
2023-11-03 09:06:01,510 - INFO - Player O placed O at (2, 3).
2023-11-03 09:06:01,510 - INFO - Player X's turn
2023-11-03 09:06:09,670 - INFO - Player X placed X at (3, 2).
2023-11-03 09:06:09,671 - INFO - Player O's turn
2023-11-03 09:06:14,788 - INFO - Player O placed O at (3, 1).
2023-11-03 09:06:14,789 - INFO - Player X's turn
2023-11-03 09:06:17,769 - INFO - Player X placed X at (3, 3).
2023-11-03 09:06:17,769 - INFO - Player X wins the game.
2023-11-03 09:06:17,770 - INFO - Game ended.
